<?xml version="1.0" encoding="utf-8"?><testsuites><testsuite name="pytest" errors="0" failures="0" skipped="0" tests="4" time="1.138" timestamp="2026-08-17T21:17:57.618631" hostname="agent-env-89981896-13a3-421d-900a-827e9375f395"><testcase classname="tests.test_boxoffice_redesign" name="test_health" time="0.455" /><testcase classname="tests.test_boxoffice_redesign" name="test_boxoffice" time="0.144" /><testcase classname="tests.test_boxoffice_redesign" name="test_movies" time="0.236" /><testcase classname="tests.test_boxoffice_redesign" name="test_sponsor_click" time="0.250" /></testsuite></testsuites>