<?xml version="1.0" encoding="utf-8"?><testsuites><testsuite name="pytest" errors="0" failures="0" skipped="0" tests="9" time="4.013" timestamp="2026-08-18T09:20:27.331030" hostname="agent-env-9564a935-55ed-41c8-b89c-77503b55cc6b"><testcase classname="tests.test_iter6_bugfix" name="test_health" time="0.229" /><testcase classname="tests.test_iter6_bugfix" name="test_boxoffice_tr_range" time="0.198" /><testcase classname="tests.test_iter6_bugfix" name="test_stream_auth_success" time="0.121" /><testcase classname="tests.test_iter6_bugfix" name="test_stream_auth_wrong_password" time="0.200" /><testcase classname="tests.test_iter6_bugfix" name="test_movies_list_has_spiderman" time="0.119" /><testcase classname="tests.test_iter6_bugfix" name="test_scores_top" time="1.339" /><testcase classname="tests.test_iter6_bugfix" name="test_livescore_today" time="0.562" /><testcase classname="tests.test_iter6_bugfix" name="test_vercel_entry_routes" time="1.113" /><testcase classname="tests.test_iter6_bugfix" name="test_backend_and_vercel_boxoffice_match" time="0.013" /></testsuite></testsuites>