<?xml version="1.0" encoding="utf-8"?><testsuites><testsuite name="pytest" errors="0" failures="0" skipped="0" tests="19" time="6.321" timestamp="2026-07-13T09:28:45.794827" hostname="agent-env-879bbfb7-1bed-450d-b345-0ca06abab1f7"><testcase classname="tests.test_audit_iteration_2.TestStreamStatus" name="test_bulk_status_shape" time="0.399" /><testcase classname="tests.test_audit_iteration_2.TestStreamStatus" name="test_channel_health[trthaber]" time="0.096" /><testcase classname="tests.test_audit_iteration_2.TestStreamStatus" name="test_channel_health[ssport]" time="0.199" /><testcase classname="tests.test_audit_iteration_2.TestStreamStatus" name="test_channel_health[tivibuspor]" time="0.202" /><testcase classname="tests.test_audit_iteration_2.TestStreamStatus" name="test_channel_health[tv8]" time="0.199" /><testcase classname="tests.test_audit_iteration_2.TestStreamStatus" name="test_channel_health[trtspor]" time="0.105" /><testcase classname="tests.test_audit_iteration_2.TestStreamStatus" name="test_channel_health[trt1]" time="0.033" /><testcase classname="tests.test_audit_iteration_2.TestStreamStatus" name="test_master_m3u8_trthaber" time="0.075" /><testcase classname="tests.test_audit_iteration_2.TestStreamStatus" name="test_master_m3u8_ssport" time="0.160" /><testcase classname="tests.test_audit_iteration_2.TestStreamStatus" name="test_master_m3u8_tv8" time="0.161" /><testcase classname="tests.test_audit_iteration_2.TestStreamStatus" name="test_master_m3u8_trt1_unconfigured" time="0.036" /><testcase classname="tests.test_audit_iteration_2.TestStreamStatus" name="test_refresh_does_not_flip_ok[ssport]" time="0.321" /><testcase classname="tests.test_audit_iteration_2.TestStreamStatus" name="test_refresh_does_not_flip_ok[tv8]" time="0.278" /><testcase classname="tests.test_audit_iteration_2.TestStreamStatus" name="test_refresh_does_not_flip_ok[trtspor]" time="1.240" /><testcase classname="tests.test_audit_iteration_2.TestStreamStatus" name="test_refresh_does_not_flip_ok[tivibuspor]" time="0.309" /><testcase classname="tests.test_audit_iteration_2.TestScoresEndpoints" name="test_scores_top" time="0.855" /><testcase classname="tests.test_audit_iteration_2.TestScoresEndpoints" name="test_livescore_today" time="0.076" /><testcase classname="tests.test_audit_iteration_2.TestMatchStats" name="test_stats_endpoint_reachable" time="0.393" /><testcase classname="tests.test_audit_iteration_2.TestMatchStats" name="test_stats_fuzzy_fails_for_wrong_names" time="1.117" /></testsuite></testsuites>