<?xml version="1.0" encoding="utf-8"?><testsuites><testsuite name="pytest" errors="0" failures="1" skipped="0" tests="9" time="3.611" timestamp="2026-08-18T08:04:06.299226" hostname="agent-env-9564a935-55ed-41c8-b89c-77503b55cc6b"><testcase classname="tests.test_iter6_bugfix" name="test_health" time="0.239" /><testcase classname="tests.test_iter6_bugfix" name="test_boxoffice_tr_range" time="0.104"><failure message="AssertionError: assert None is not None&#10; +  where None = &lt;built-in method get of dict object at 0xfc87d2fcab80&gt;('gross')&#10; +    where &lt;built-in method get of dict object at 0xfc87d2fcab80&gt; = {'data_source': 'mojo_actual', 'fx_rate': 47.9143, 'gross_native': 460667102.18, 'gross_usd': 9614397, ...}.get">backend/tests/test_iter6_bugfix.py:29: in test_boxoffice_tr_range
    assert tr.get("gross") is not None
E   AssertionError: assert None is not None
E    +  where None = &lt;built-in method get of dict object at 0xfc87d2fcab80&gt;('gross')
E    +    where &lt;built-in method get of dict object at 0xfc87d2fcab80&gt; = {'data_source': 'mojo_actual', 'fx_rate': 47.9143, 'gross_native': 460667102.18, 'gross_usd': 9614397, ...}.get</failure></testcase><testcase classname="tests.test_iter6_bugfix" name="test_stream_auth_success" time="0.104" /><testcase classname="tests.test_iter6_bugfix" name="test_stream_auth_wrong_password" time="0.226" /><testcase classname="tests.test_iter6_bugfix" name="test_movies_list_has_spiderman" time="0.095" /><testcase classname="tests.test_iter6_bugfix" name="test_scores_top" time="1.325" /><testcase classname="tests.test_iter6_bugfix" name="test_livescore_today" time="0.548" /><testcase classname="tests.test_iter6_bugfix" name="test_vercel_entry_routes" time="0.834" /><testcase classname="tests.test_iter6_bugfix" name="test_backend_and_vercel_boxoffice_match" time="0.005" /></testsuite></testsuites>