<?xml version="1.0" encoding="utf-8"?><testsuites><testsuite name="pytest" errors="0" failures="0" skipped="0" tests="15" time="7.153" timestamp="2026-09-18T17:14:49.516453" hostname="agent-env-2a489700-824c-4adf-b7f3-c9c796b7d5d9"><testcase classname="tests.test_stream_auth" name="test_config" time="0.323" /><testcase classname="tests.test_stream_auth" name="test_login_missing_turnstile" time="0.163" /><testcase classname="tests.test_stream_auth" name="test_login_wrong_creds" time="0.150" /><testcase classname="tests.test_stream_auth" name="test_login_success_and_claims" time="0.466" /><testcase classname="tests.test_stream_auth" name="test_refresh_valid" time="0.178" /><testcase classname="tests.test_stream_auth" name="test_refresh_garbage" time="0.184" /><testcase classname="tests.test_stream_auth" name="test_validate_ok_dub" time="0.152" /><testcase classname="tests.test_stream_auth" name="test_validate_source_mismatch" time="0.184" /><testcase classname="tests.test_stream_auth" name="test_validate_garbage" time="0.471" /><testcase classname="tests.test_stream_auth" name="test_health" time="0.215" /><testcase classname="tests.test_stream_auth" name="test_featured_status" time="1.627" /><testcase classname="tests.test_stream_auth" name="test_movies_seed" time="0.174" /><testcase classname="tests.test_stream_auth" name="test_rate_limit_flood" time="2.242" /><testcase classname="tests.test_stream_auth" name="test_site_gate_status_no_cookie" time="0.130" /><testcase classname="tests.test_stream_auth" name="test_site_gate_verify_and_status_with_cookie" time="0.370" /></testsuite></testsuites>