<?xml version="1.0" encoding="utf-8"?><testsuites><testsuite name="pytest" errors="0" failures="0" skipped="0" tests="21" time="11.307" timestamp="2026-09-18T19:54:44.897540" hostname="agent-env-2a489700-824c-4adf-b7f3-c9c796b7d5d9"><testcase classname="tests.test_iter13_gate_and_streams.TestStreamAuth" name="test_config" time="0.311" /><testcase classname="tests.test_iter13_gate_and_streams.TestStreamAuth" name="test_login_missing_turnstile" time="0.079" /><testcase classname="tests.test_iter13_gate_and_streams.TestStreamAuth" name="test_login_wrong_creds" time="0.071" /><testcase classname="tests.test_iter13_gate_and_streams.TestStreamAuth" name="test_login_success_and_decode" time="0.197" /><testcase classname="tests.test_iter13_gate_and_streams.TestStreamAuth" name="test_refresh_valid" time="0.088" /><testcase classname="tests.test_iter13_gate_and_streams.TestStreamAuth" name="test_refresh_garbage" time="0.071" /><testcase classname="tests.test_iter13_gate_and_streams.TestStreamAuth" name="test_validate_ok" time="0.071" /><testcase classname="tests.test_iter13_gate_and_streams.TestStreamAuth" name="test_validate_wrong_source" time="0.071" /><testcase classname="tests.test_iter13_gate_and_streams.TestSiteGate" name="test_status_without_cookie" time="0.137" /><testcase classname="tests.test_iter13_gate_and_streams.TestSiteGate" name="test_verify_then_status_ok" time="0.356" /><testcase classname="tests.test_iter13_gate_and_streams.TestChannels" name="test_channels_list" time="0.174" /><testcase classname="tests.test_iter13_gate_and_streams.TestChannels" name="test_stream_m3u8[aspor]" time="1.507" /><testcase classname="tests.test_iter13_gate_and_streams.TestChannels" name="test_stream_m3u8[htspor]" time="1.079" /><testcase classname="tests.test_iter13_gate_and_streams.TestChannels" name="test_stream_m3u8[beinxtra]" time="0.353" /><testcase classname="tests.test_iter13_gate_and_streams.TestChannels" name="test_stream_m3u8[trt1]" time="0.769" /><testcase classname="tests.test_iter13_gate_and_streams.TestChannels" name="test_stream_m3u8[showtv]" time="0.727" /><testcase classname="tests.test_iter13_gate_and_streams.TestChannels" name="test_stream_m3u8[kanald]" time="1.020" /><testcase classname="tests.test_iter13_gate_and_streams.TestChannels" name="test_stream_m3u8[cnnturk]" time="0.870" /><testcase classname="tests.test_iter13_gate_and_streams.TestChannels" name="test_stream_m3u8[trtmuzik]" time="0.985" /><testcase classname="tests.test_iter13_gate_and_streams.TestChannels" name="test_stream_m3u8[powerturk]" time="1.308" /><testcase classname="tests.test_iter13_gate_and_streams.TestLivescore" name="test_livescore_no_store" time="0.809" /></testsuite></testsuites>