<?xml version="1.0" encoding="utf-8"?><testsuites><testsuite name="pytest" errors="0" failures="1" skipped="0" tests="10" time="7.023" timestamp="2026-08-17T18:44:15.180306" hostname="agent-env-8df53cf8-9f31-4bfb-b2a3-18a62c2d3570"><testcase classname="tests.test_redesign_iteration" name="test_health" time="0.176" /><testcase classname="tests.test_redesign_iteration" name="test_scores_top" time="2.849" /><testcase classname="tests.test_redesign_iteration" name="test_livescore_today" time="0.566" /><testcase classname="tests.test_redesign_iteration" name="test_channels" time="0.084" /><testcase classname="tests.test_redesign_iteration" name="test_boxoffice" time="0.077" /><testcase classname="tests.test_redesign_iteration" name="test_movies" time="0.086" /><testcase classname="tests.test_redesign_iteration" name="test_featured_status" time="1.492" /><testcase classname="tests.test_redesign_iteration" name="test_stream_status" time="0.944" /><testcase classname="tests.test_redesign_iteration" name="test_admin_login" time="0.307" /><testcase classname="tests.test_redesign_iteration" name="test_admin_login_invalid" time="0.305"><failure message="assert 200 in (400, 401, 403)&#10; +  where 200 = &lt;Response [200]&gt;.status_code">backend/tests/test_redesign_iteration.py:124: in test_admin_login_invalid
    assert r.status_code in (400, 401, 403)
E   assert 200 in (400, 401, 403)
E    +  where 200 = &lt;Response [200]&gt;.status_code</failure></testcase></testsuite></testsuites>