<?xml version="1.0" encoding="utf-8"?><testsuites><testsuite name="pytest" errors="0" failures="0" skipped="0" tests="13" time="7.542" timestamp="2026-09-18T16:45:44.567662" hostname="agent-env-2a489700-824c-4adf-b7f3-c9c796b7d5d9"><testcase classname="tests.test_stream_auth" name="test_config" time="0.280" /><testcase classname="tests.test_stream_auth" name="test_login_missing_turnstile" time="0.169" /><testcase classname="tests.test_stream_auth" name="test_login_wrong_creds" time="1.197" /><testcase classname="tests.test_stream_auth" name="test_login_success_and_claims" time="0.328" /><testcase classname="tests.test_stream_auth" name="test_refresh_valid" time="0.217" /><testcase classname="tests.test_stream_auth" name="test_refresh_garbage" time="0.142" /><testcase classname="tests.test_stream_auth" name="test_validate_ok_dub" time="0.125" /><testcase classname="tests.test_stream_auth" name="test_validate_source_mismatch" time="0.159" /><testcase classname="tests.test_stream_auth" name="test_validate_garbage" time="0.131" /><testcase classname="tests.test_stream_auth" name="test_health" time="0.174" /><testcase classname="tests.test_stream_auth" name="test_featured_status" time="2.524" /><testcase classname="tests.test_stream_auth" name="test_movies_seed" time="0.188" /><testcase classname="tests.test_stream_auth" name="test_rate_limit_flood" time="1.834" /></testsuite></testsuites>